--------------------------------------------------------------------------------
      name:  <unnamed>
       log:  /Users/biancamanago/Dropbox/_AcademicWork/Vault/Research/- PUBLISHE
> D/GSS-Health Affair Analyses/- posted/Analyses/gss-data01-label.log
  log type:  text
 opened on:  23 Dec 2021, 19:51:12

.  
.  version 15.1

.  set linesize 80

.  clear all

.  macro drop _all

. 
.  
.  local pgm   gss-data02-examine.do

.  local dte   2019-04-12

.  local who   bianca manago 

.  local tag   "`pgm'.do `who' `dte'"

.  
.  di "`tag'"
gss-data02-examine.do.do bianca manago 2019-04-12

.  
. 
.  
. ***************************************
. * Load
. ***************************************
. 
.  use "_data/gss-data00-import", clear

. 
. ****************************************************************
. // Label Variables
. **************************************************************** 
. 
. label var ed_gths "Earned greater than a high school degree? (1=yes)"

. label var vigver  "Vignette Condition"

. 
. local out "mentlillR imbalnceR geneticsR neurob"

. local out "`out' upsdownsR charactrR wayraiseR"

. local out "`out' meddocR mentldocR mentlhosR rxmedR"

. local out "`out' vigworkR vigneiR vigsocR vigfrndR vigmarR"

. local out "`out' hurtselfR hurtothR"

. 
. foreach v in `out' {
  2.         fre `v'
  3.         }

mentlillR -- Bin: how likely x is experiencing mental illness
-----------------------------------------------------------
              |      Freq.    Percent      Valid       Cum.
--------------+--------------------------------------------
Valid   0     |       1691      40.85      42.41      42.41
        1     |       2296      55.46      57.59     100.00
        Total |       3987      96.30     100.00           
Missing .i    |         86       2.08                      
        .n    |         67       1.62                      
        Total |        153       3.70                      
Total         |       4140     100.00                      
-----------------------------------------------------------

imbalnceR -- Bin: how likely x s situation caused by imbalance in brain
-----------------------------------------------------------
              |      Freq.    Percent      Valid       Cum.
--------------+--------------------------------------------
Valid   0     |       1305      31.52      32.66      32.66
        1     |       2691      65.00      67.34     100.00
        Total |       3996      96.52     100.00           
Missing .i    |         86       2.08                      
        .n    |         58       1.40                      
        Total |        144       3.48                      
Total         |       4140     100.00                      
-----------------------------------------------------------

geneticsR -- Bin: how likely x s situation caused by genetic problem
-----------------------------------------------------------
              |      Freq.    Percent      Valid       Cum.
--------------+--------------------------------------------
Valid   0     |       1786      43.14      44.71      44.71
        1     |       2209      53.36      55.29     100.00
        Total |       3995      96.50     100.00           
Missing .i    |         86       2.08                      
        .n    |         59       1.43                      
        Total |        145       3.50                      
Total         |       4140     100.00                      
-----------------------------------------------------------

neurob -- Neurobiological conception
-----------------------------------------------------------
              |      Freq.    Percent      Valid       Cum.
--------------+--------------------------------------------
Valid   0     |       1909      46.11      47.86      47.86
        1     |       2080      50.24      52.14     100.00
        Total |       3989      96.35     100.00           
Missing .     |        151       3.65                      
Total         |       4140     100.00                      
-----------------------------------------------------------

upsdownsR -- Bin: how likely x is experiencing normal ups-and-downs of life
-----------------------------------------------------------
              |      Freq.    Percent      Valid       Cum.
--------------+--------------------------------------------
Valid   0     |       1462      35.31      36.68      36.68
        1     |       2524      60.97      63.32     100.00
        Total |       3986      96.28     100.00           
Missing .i    |         86       2.08                      
        .n    |         68       1.64                      
        Total |        154       3.72                      
Total         |       4140     100.00                      
-----------------------------------------------------------

charactrR -- Bin: how likely x s situation caused by bad character 
-----------------------------------------------------------
              |      Freq.    Percent      Valid       Cum.
--------------+--------------------------------------------
Valid   0     |       2289      55.29      57.31      57.31
        1     |       1705      41.18      42.69     100.00
        Total |       3994      96.47     100.00           
Missing .i    |         86       2.08                      
        .n    |         60       1.45                      
        Total |        146       3.53                      
Total         |       4140     100.00                      
-----------------------------------------------------------

wayraiseR -- Bin: how likely x s situation caused by the way raised
-----------------------------------------------------------
              |      Freq.    Percent      Valid       Cum.
--------------+--------------------------------------------
Valid   0     |       2051      49.54      51.38      51.38
        1     |       1941      46.88      48.62     100.00
        Total |       3992      96.43     100.00           
Missing .i    |         86       2.08                      
        .n    |         62       1.50                      
        Total |        148       3.57                      
Total         |       4140     100.00                      
-----------------------------------------------------------

meddocR
-----------------------------------------------------------
              |      Freq.    Percent      Valid       Cum.
--------------+--------------------------------------------
Valid   0     |        778      18.79      19.52      19.52
        1     |       3207      77.46      80.48     100.00
        Total |       3985      96.26     100.00           
Missing .i    |         86       2.08                      
        .n    |         69       1.67                      
        Total |        155       3.74                      
Total         |       4140     100.00                      
-----------------------------------------------------------

mentldocR
-----------------------------------------------------------
              |      Freq.    Percent      Valid       Cum.
--------------+--------------------------------------------
Valid   0     |        941      22.73      23.66      23.66
        1     |       3036      73.33      76.34     100.00
        Total |       3977      96.06     100.00           
Missing .i    |         86       2.08                      
        .n    |         77       1.86                      
        Total |        163       3.94                      
Total         |       4140     100.00                      
-----------------------------------------------------------

mentlhosR
-----------------------------------------------------------
              |      Freq.    Percent      Valid       Cum.
--------------+--------------------------------------------
Valid   0     |       2600      62.80      65.41      65.41
        1     |       1375      33.21      34.59     100.00
        Total |       3975      96.01     100.00           
Missing .i    |         86       2.08                      
        .n    |         79       1.91                      
        Total |        165       3.99                      
Total         |       4140     100.00                      
-----------------------------------------------------------

rxmedR
-----------------------------------------------------------
              |      Freq.    Percent      Valid       Cum.
--------------+--------------------------------------------
Valid   0     |       1486      35.89      37.38      37.38
        1     |       2489      60.12      62.62     100.00
        Total |       3975      96.01     100.00           
Missing .i    |         86       2.08                      
        .n    |         79       1.91                      
        Total |        165       3.99                      
Total         |       4140     100.00                      
-----------------------------------------------------------

vigworkR -- Bin: how willing r would work closely with x on a job
--------------------------------------------------------------------
                       |      Freq.    Percent      Valid       Cum.
-----------------------+--------------------------------------------
Valid   0  0=Willing   |       1855      44.81      46.54      46.54
        1  1=Unwilling |       2131      51.47      53.46     100.00
        Total          |       3986      96.28     100.00           
Missing .i             |         86       2.08                      
        .n             |         68       1.64                      
        Total          |        154       3.72                      
Total                  |       4140     100.00                      
--------------------------------------------------------------------

vigneiR -- Bin: how willing r would have x as a neighbor
--------------------------------------------------------------------
                       |      Freq.    Percent      Valid       Cum.
-----------------------+--------------------------------------------
Valid   0  0=Willing   |       2689      64.95      67.48      67.48
        1  1=Unwilling |       1296      31.30      32.52     100.00
        Total          |       3985      96.26     100.00           
Missing .i             |         86       2.08                      
        .n             |         69       1.67                      
        Total          |        155       3.74                      
Total                  |       4140     100.00                      
--------------------------------------------------------------------

vigsocR -- Bin: how willing r would spend time socializing with x
--------------------------------------------------------------------
                       |      Freq.    Percent      Valid       Cum.
-----------------------+--------------------------------------------
Valid   0  0=Willing   |       2395      57.85      60.09      60.09
        1  1=Unwilling |       1591      38.43      39.91     100.00
        Total          |       3986      96.28     100.00           
Missing .i             |         86       2.08                      
        .n             |         68       1.64                      
        Total          |        154       3.72                      
Total                  |       4140     100.00                      
--------------------------------------------------------------------

vigfrndR -- Bin: how willing r would make friends with x
--------------------------------------------------------------------
                       |      Freq.    Percent      Valid       Cum.
-----------------------+--------------------------------------------
Valid   0  0=Willing   |       2846      68.74      71.44      71.44
        1  1=Unwilling |       1138      27.49      28.56     100.00
        Total          |       3984      96.23     100.00           
Missing .i             |         86       2.08                      
        .n             |         70       1.69                      
        Total          |        156       3.77                      
Total                  |       4140     100.00                      
--------------------------------------------------------------------

vigmarR -- Bin: how willing r would have x marry in r's family
--------------------------------------------------------------------
                       |      Freq.    Percent      Valid       Cum.
-----------------------+--------------------------------------------
Valid   0  0=Willing   |       1606      38.79      40.38      40.38
        1  1=Unwilling |       2371      57.27      59.62     100.00
        Total          |       3977      96.06     100.00           
Missing .i             |         86       2.08                      
        .n             |         77       1.86                      
        Total          |        163       3.94                      
Total                  |       4140     100.00                      
--------------------------------------------------------------------

hurtselfR
-----------------------------------------------------------
              |      Freq.    Percent      Valid       Cum.
--------------+--------------------------------------------
Valid   0     |       1279      30.89      32.04      32.04
        1     |       2713      65.53      67.96     100.00
        Total |       3992      96.43     100.00           
Missing .i    |         86       2.08                      
        .n    |         62       1.50                      
        Total |        148       3.57                      
Total         |       4140     100.00                      
-----------------------------------------------------------

hurtothR
-----------------------------------------------------------
              |      Freq.    Percent      Valid       Cum.
--------------+--------------------------------------------
Valid   0     |       2110      50.97      52.91      52.91
        1     |       1878      45.36      47.09     100.00
        Total |       3988      96.33     100.00           
Missing .i    |         86       2.08                      
        .n    |         66       1.59                      
        Total |        152       3.67                      
Total         |       4140     100.00                      
-----------------------------------------------------------

. 
. label var mentlillR "...experiencing mental illness"

. label var imbalnceR "...situation caused by imbalance in brain"

. label var geneticsR "...situation caused by genetic problem"

. label var upsdownsR "...experiencing normal ups and downs"

. label var neurob    "...likely situation has neurobiological cause (chemical i
> mbalance or genetics)"

. label var charactrR "...likely situation is caused by bad behavior"

. label var wayraiseR "...likely situation is caused by way raised"

. label var mustmedR  "...should be forced to take prescribed medication by law"

. label var musthospR "...should be admitted to be hospitalized for treatment by
>  law"

. label var mustdocR  "...should be forced to be examined at a clinic by law"

. label var meddocR   "...should be forced to be examined at a clinic by law"

. label var mentldocR "...should be forced to be examined at a clinic by law"

. label var mentlhosR "...should be forced to be examined at a clinic by law"

. label var rxmedR    "...should be forced to be examined at a clinic by law"

. label var vigworkR  "...willing to work closely with x on a job?"

. label var vigneiR   "...willing to have x as a neighbor?"

. label var vigsocR   "...willing to spend time socializing with x?"

. label var vigfrndR  "...willing to make friends with x?"

. label var vigmarR   "...willing to have x marry into family?"

. label var hurtselfR "...likely that x will hurt self?"

. label var hurtothR  "...likely that x will hurt others?"

. 
. 
. la def coercion 0 "no coercion" 1 "coercion"

. la val mustmedR  coercion

. la val musthospR coercion

. la val mustdocR  coercion

. 
. 
.  revrs seriousp, replace

.  revrs viglabel, replace

.  
.  
. la var hurtselfR "Probability of Hurting Self"

. la var hurtothR  "Probability of Hurting Others"

. la var dectreatR "Ability to Make Own Treatment Decisions"

. la var decmoneyR "Ability to Make Own Financial Decisions"

. la var mustmedR  "Agreement with Legal Enforcement of Medication Regimine"

. la var mustdocR  "Agreement with Legal Enforcement of Doctors Visits"

. la var musthospR "Agreement with Legal Enforcement of Hospitalization"

. 
. local controls "i.female i.black i.ed_gths c.age"

. local att      "i.neurob i.mentlillR i.stressesR i.wayraiseR i.charactrR"

. local percept  "c.seriousp i.competenceR i.hurtselfR i.hurtothR"

. 
. la def female 1 " - Female"

. la val female female

. fre female

female -- Female?
----------------------------------------------------------------
                   |      Freq.    Percent      Valid       Cum.
-------------------+--------------------------------------------
Valid   0          |       1880      45.41      45.41      45.41
        1 - Female |       2260      54.59      54.59     100.00
        Total      |       4140     100.00     100.00           
----------------------------------------------------------------

. 
. 
. la def ed_gths 1 " - Greater than High School Education"

. la val ed_gths ed_gths

. fre ed_gths 

ed_gths -- Earned greater than a high school degree? (1=yes)
---------------------------------------------------------------------------
                              |      Freq.    Percent      Valid       Cum.
------------------------------+--------------------------------------------
Valid   0                     |       2669      64.47      64.55      64.55
        1 - Greater than High |       1466      35.41      35.45     100.00
          School Education    |                                            
        Total                 |       4135      99.88     100.00           
Missing .                     |          5       0.12                      
Total                         |       4140     100.00                      
---------------------------------------------------------------------------

. 
. la var age " - Age"

. la var seriousp " - Perceived Severity"

. 
. la def neurob 1 " - Neurobiological cause"

. la val neurob neurob

. fre neurob

neurob -- ...likely situation has neurobiological cause (chemical imbalance or g
> enetics)
-------------------------------------------------------------------------------
                                  |      Freq.    Percent      Valid       Cum.
----------------------------------+--------------------------------------------
Valid   0                         |       1909      46.11      47.86      47.86
        1 - Neurobiological cause |       2080      50.24      52.14     100.00
        Total                     |       3989      96.35     100.00           
Missing .                         |        151       3.65                      
Total                             |       4140     100.00                      
-------------------------------------------------------------------------------

. 
. la def mentlillR 1 " - Mental illness"

. la val mentlillR mentlillR

. fre mentlillR

mentlillR -- ...experiencing mental illness
-------------------------------------------------------------------------
                            |      Freq.    Percent      Valid       Cum.
----------------------------+--------------------------------------------
Valid   0                   |       1691      40.85      42.41      42.41
        1  - Mental illness |       2296      55.46      57.59     100.00
        Total               |       3987      96.30     100.00           
Missing .i                  |         86       2.08                      
        .n                  |         67       1.62                      
        Total               |        153       3.70                      
Total                       |       4140     100.00                      
-------------------------------------------------------------------------

. 
. la def stressesR 1 " - Caused by stress"

. la val stressesR stressesR

. fre stressesR

stressesR -- Bin: how likely x s situation caused by stress
---------------------------------------------------------------------------
                              |      Freq.    Percent      Valid       Cum.
------------------------------+--------------------------------------------
Valid   0                     |        527      12.73      13.19      13.19
        1  - Caused by stress |       3468      83.77      86.81     100.00
        Total                 |       3995      96.50     100.00           
Missing .i                    |         86       2.08                      
        .n                    |         59       1.43                      
        Total                 |        145       3.50                      
Total                         |       4140     100.00                      
---------------------------------------------------------------------------

. 
. la def wayraiseR 1 " - Way x was raised"

. la val wayraiseR wayraiseR

. fre wayraiseR

wayraiseR -- ...likely situation is caused by way raised
---------------------------------------------------------------------------
                              |      Freq.    Percent      Valid       Cum.
------------------------------+--------------------------------------------
Valid   0                     |       2051      49.54      51.38      51.38
        1  - Way x was raised |       1941      46.88      48.62     100.00
        Total                 |       3992      96.43     100.00           
Missing .i                    |         86       2.08                      
        .n                    |         62       1.50                      
        Total                 |        148       3.57                      
Total                         |       4140     100.00                      
---------------------------------------------------------------------------

. 
. la def charactrR 1 " - Bad character"

. la val charactrR charactrR

. fre charactrR

charactrR -- ...likely situation is caused by bad behavior
------------------------------------------------------------------------
                           |      Freq.    Percent      Valid       Cum.
---------------------------+--------------------------------------------
Valid   0                  |       2289      55.29      57.31      57.31
        1  - Bad character |       1705      41.18      42.69     100.00
        Total              |       3994      96.47     100.00           
Missing .i                 |         86       2.08                      
        .n                 |         60       1.45                      
        Total              |        146       3.53                      
Total                      |       4140     100.00                      
------------------------------------------------------------------------

. 
. la def hurtselfR 1 " - Likely to hurt self"

. la val hurtselfR hurtselfR

. fre hurtselfR

hurtselfR -- Probability of Hurting Self
------------------------------------------------------------------------------
                                 |      Freq.    Percent      Valid       Cum.
---------------------------------+--------------------------------------------
Valid   0                        |       1279      30.89      32.04      32.04
        1  - Likely to hurt self |       2713      65.53      67.96     100.00
        Total                    |       3992      96.43     100.00           
Missing .i                       |         86       2.08                      
        .n                       |         62       1.50                      
        Total                    |        148       3.57                      
Total                            |       4140     100.00                      
------------------------------------------------------------------------------

. 
. la def hurtothR 1 " - Likely to hurt others"

. la val hurtothR hurtothR

. fre hurtothR

hurtothR -- Probability of Hurting Others
-------------------------------------------------------------------------
                            |      Freq.    Percent      Valid       Cum.
----------------------------+--------------------------------------------
Valid   0                   |       2110      50.97      52.91      52.91
        1  - Likely to hurt |       1878      45.36      47.09     100.00
           others           |                                            
        Total               |       3988      96.33     100.00           
Missing .i                  |         86       2.08                      
        .n                  |         66       1.59                      
        Total               |        152       3.67                      
Total                       |       4140     100.00                      
-------------------------------------------------------------------------

. 
. la def year 0 " - 1996" 1 " - 2006" 2 " - 2018"

. la val year year

. fre year

year -- Year of GSS
--------------------------------------------------------------
                 |      Freq.    Percent      Valid       Cum.
-----------------+--------------------------------------------
Valid   0 - 1996 |       1444      34.88      34.88      34.88
        1 - 2006 |       1523      36.79      36.79      71.67
        2 - 2018 |       1173      28.33      28.33     100.00
        Total    |       4140     100.00     100.00           
--------------------------------------------------------------

. 
. la def decmoneyR 1 " - Financial Decisions"

. la val decmoneyR decmoneyR

. 
. la def dectreatR 1 " - Treatment Decisions"

. la val dectreatR dectreatR

. 
. 
. ****************************************************************
. //  #: Exit
. ****************************************************************
. 
. save "_data/gss-data01-label", replace
(file _data/gss-data01-label.dta not found)
file _data/gss-data01-label.dta saved

. log close
      name:  <unnamed>
       log:  /Users/biancamanago/Dropbox/_AcademicWork/Vault/Research/- PUBLISHE
> D/GSS-Health Affair Analyses/- posted/Analyses/gss-data01-label.log
  log type:  text
 closed on:  23 Dec 2021, 19:51:12
--------------------------------------------------------------------------------
